Build started 10.6.2015 г. 1:45:23.
     1>Project "D:\OOPConsoleGame\OOPConsoleGame\OOPConsoleGame\OOPConsoleGame.vcxproj" on node 2 (Build target(s)).
     1>ClCompile:
         C:\Program Files (x86)\Microsoft Visual Studio 12.0\VC\bin\CL.exe /c /ZI /nologo /W3 /WX- /sdl /Od /Oy- /D _MBCS /Gm /EHsc /RTC1 /MDd /GS /fp:precise /Zc:wchar_t /Zc:forScope /Fo"Debug\\" /Fd"Debug\vc120.pdb" /Gd /TP /analyze- /errorReport:prompt Game.cpp
         Game.cpp
     1>d:\oopconsolegame\oopconsolegame\oopconsolegame\game.cpp(405): warning C4244: 'argument' : conversion from 'time_t' to 'unsigned int', possible loss of data
       Link:
         C:\Program Files (x86)\Microsoft Visual Studio 12.0\VC\bin\link.exe /ERRORREPORT:PROMPT /OUT:"D:\OOPConsoleGame\OOPConsoleGame\Debug\OOPConsoleGame.exe" /INCREMENTAL /NOLOGO kernel32.lib user32.lib gdi32.lib winspool.lib comdlg32.lib advapi32.lib shell32.lib ole32.lib oleaut32.lib uuid.lib odbc32.lib odbccp32.lib /MANIFEST /MANIFESTUAC:"level='asInvoker' uiAccess='false'" /manifest:embed /DEBUG /PDB:"D:\OOPConsoleGame\OOPConsoleGame\Debug\OOPConsoleGame.pdb" /TLBID:1 /DYNAMICBASE /NXCOMPAT /IMPLIB:"D:\OOPConsoleGame\OOPConsoleGame\Debug\OOPConsoleGame.lib" /MACHINE:X86 Debug\Archer.obj
         Debug\Battlefield.obj
         Debug\Creature.obj
         Debug\Footman.obj
         Debug\Game.obj
         Debug\Griffon.obj
         Debug\Hero.obj
         Debug\main.obj
         Debug\Peasant.obj
         Debug\Player.obj
         Debug\Shop.obj
         OOPConsoleGame.vcxproj -> D:\OOPConsoleGame\OOPConsoleGame\Debug\OOPConsoleGame.exe
     1>Done Building Project "D:\OOPConsoleGame\OOPConsoleGame\OOPConsoleGame\OOPConsoleGame.vcxproj" (Build target(s)).

Build succeeded.

Time Elapsed 00:00:01.59
